-------------------------------------------------------------------------------
Test set: com.example.springboot.springbootcrudexample.EmployeeDocumentsServiceTest
-------------------------------------------------------------------------------
Tests run: 3, Failures: 0, Errors: 1, Skipped: 0, Time elapsed: 0.055 s <<< FAILURE! - in com.example.springboot.springbootcrudexample.EmployeeDocumentsServiceTest
TestEmployeeDocumentsByID  Time elapsed: 0.042 s  <<< ERROR!
java.util.NoSuchElementException: No value present
	at com.example.springboot.springbootcrudexample.EmployeeDocumentsServiceTest.TestEmployeeDocumentsByID(EmployeeDocumentsServiceTest.java:69)

